app/build/intermediates/manifest_merge_blame_file/debug/manifest-merger-blame-debug-report.txt
1<?xml version="1.0" encoding="utf-8"?>
2<manifest xmlns:android="http://schemas.android.com/apk/res/android"
3    package="com.example.owner"
4    android:versionCode="1"
5    android:versionName="1.0" >
6
7    <uses-sdk
8        android:minSdkVersion="21"
8-->src\main\AndroidManifest.xml
9        android:targetSdkVersion="29" />
9-->src\main\AndroidManifest.xml
10
11    <uses-permission android:name="android.permission.CALL_PHONE" />
11-->src\main\AndroidManifest.xml:6:5-69
11-->src\main\AndroidManifest.xml:6:22-66
12    <uses-permission android:name="android.permission.READ_EXTERNAL_STORAGE" />
12-->src\main\AndroidManifest.xml:7:5-80
12-->src\main\AndroidManifest.xml:7:22-77
13    <uses-permission android:name="android.permission.WRITE_EXTERNAL_STORAGE" />
13-->src\main\AndroidManifest.xml:8:5-80
13-->src\main\AndroidManifest.xml:8:22-78
14    <uses-permission android:name="android.permission.INTERNET" /> <!-- Include required permissions for Google Maps API to run. -->
14-->[com.firebaseui:firebase-ui-firestore:6.2.0] AndroidManifest.xml:11:5-67
14-->[com.firebaseui:firebase-ui-firestore:6.2.0] AndroidManifest.xml:11:22-64
15    <uses-permission android:name="android.permission.ACCESS_NETWORK_STATE" />
15-->[com.google.android.gms:play-services-maps:17.0.0] AndroidManifest.xml:23:5-79
15-->[com.google.android.gms:play-services-maps:17.0.0] AndroidManifest.xml:23:22-76
16
17    <uses-feature
17-->[com.google.android.gms:play-services-maps:17.0.0] AndroidManifest.xml:26:5-28:35
18        android:glEsVersion="0x00020000"
18-->[com.google.android.gms:play-services-maps:17.0.0] AndroidManifest.xml:27:9-41
19        android:required="true" />
19-->[com.google.android.gms:play-services-maps:17.0.0] AndroidManifest.xml:28:9-32
20
21    <uses-permission android:name="android.permission.WAKE_LOCK" /> <!-- Required by older versions of Google Play services to create IID tokens -->
21-->[com.google.android.gms:play-services-measurement-api:17.2.2] AndroidManifest.xml:24:5-68
21-->[com.google.android.gms:play-services-measurement-api:17.2.2] AndroidManifest.xml:24:22-65
22    <uses-permission android:name="com.google.android.c2dm.permission.RECEIVE" />
22-->[com.google.firebase:firebase-iid:20.1.5] AndroidManifest.xml:26:5-82
22-->[com.google.firebase:firebase-iid:20.1.5] AndroidManifest.xml:26:22-79
23    <uses-permission android:name="com.google.android.finsky.permission.BIND_GET_INSTALL_REFERRER_SERVICE" />
23-->[com.google.android.gms:play-services-measurement:17.2.2] AndroidManifest.xml:26:5-110
23-->[com.google.android.gms:play-services-measurement:17.2.2] AndroidManifest.xml:26:22-107
24
25    <application
25-->src\main\AndroidManifest.xml:9:5-66:19
26        android:allowBackup="true"
26-->src\main\AndroidManifest.xml:10:9-35
27        android:appComponentFactory="androidx.core.app.CoreComponentFactory"
27-->[androidx.core:core:1.1.0] AndroidManifest.xml:24:18-86
28        android:debuggable="true"
29        android:icon="@mipmap/ic_launcher"
29-->src\main\AndroidManifest.xml:11:9-43
30        android:label="Parkinn-ChargeService"
30-->src\main\AndroidManifest.xml:12:9-46
31        android:roundIcon="@mipmap/ic_launcher"
31-->src\main\AndroidManifest.xml:13:9-48
32        android:supportsRtl="true"
32-->src\main\AndroidManifest.xml:14:9-35
33        android:testOnly="true"
34        android:theme="@style/AppTheme" >
34-->src\main\AndroidManifest.xml:15:9-40
35        <activity android:name="com.example.owner.introduction.MainIntroActivity" />
35-->src\main\AndroidManifest.xml:19:9-84
35-->src\main\AndroidManifest.xml:19:19-82
36        <activity
36-->src\main\AndroidManifest.xml:22:9-24:15
37            android:name="com.example.owner.introduction.IntroActivity"
37-->src\main\AndroidManifest.xml:22:19-78
38            android:screenOrientation="portrait" />
38-->src\main\AndroidManifest.xml:23:13-49
39        <activity android:name="com.example.owner.qr" >
39-->src\main\AndroidManifest.xml:27:9-29:20
39-->src\main\AndroidManifest.xml:27:19-54
40        </activity>
41        <activity
41-->src\main\AndroidManifest.xml:30:9-33:20
42            android:name="com.example.owner.ui.progress"
42-->src\main\AndroidManifest.xml:30:19-63
43            android:screenOrientation="portrait" >
43-->src\main\AndroidManifest.xml:31:13-49
44        </activity>
45        <activity
45-->src\main\AndroidManifest.xml:34:9-37:61
46            android:name="com.example.owner.MainLogin"
46-->src\main\AndroidManifest.xml:35:13-55
47            android:screenOrientation="portrait" />
47-->src\main\AndroidManifest.xml:37:13-49
48        <activity
48-->src\main\AndroidManifest.xml:38:9-47:20
49            android:name="com.example.owner.intro"
49-->src\main\AndroidManifest.xml:39:13-51
50            android:noHistory="true"
50-->src\main\AndroidManifest.xml:40:13-37
51            android:screenOrientation="portrait" >
51-->src\main\AndroidManifest.xml:41:13-49
52            <intent-filter>
52-->src\main\AndroidManifest.xml:42:13-46:29
53                <action android:name="android.intent.action.MAIN" />
53-->src\main\AndroidManifest.xml:43:17-69
53-->src\main\AndroidManifest.xml:43:25-66
54
55                <category android:name="android.intent.category.LAUNCHER" />
55-->src\main\AndroidManifest.xml:45:17-77
55-->src\main\AndroidManifest.xml:45:27-74
56            </intent-filter>
57        </activity>
58        <activity
58-->src\main\AndroidManifest.xml:48:9-49:58
59            android:name="com.theartofdev.edmodo.cropper.CropImageActivity"
59-->src\main\AndroidManifest.xml:48:19-82
60            android:theme="@style/Base.Theme.AppCompat" />
60-->src\main\AndroidManifest.xml:49:13-56
61        <activity
61-->src\main\AndroidManifest.xml:50:9-53:67
62            android:name="com.example.owner.Logout"
62-->src\main\AndroidManifest.xml:51:13-52
63            android:screenOrientation="portrait"
63-->src\main\AndroidManifest.xml:52:13-49
64            android:theme="@style/Theme.AppCompat.Light.Dialog" />
64-->src\main\AndroidManifest.xml:53:13-64
65        <activity
65-->src\main\AndroidManifest.xml:54:9-58:52
66            android:name="com.example.owner.MainActivity"
66-->src\main\AndroidManifest.xml:55:13-58
67            android:label="@string/app_name"
67-->src\main\AndroidManifest.xml:56:13-45
68            android:screenOrientation="portrait" />
68-->src\main\AndroidManifest.xml:58:13-49
69        <activity
69-->[com.karumi:dexter:6.0.2] AndroidManifest.xml:27:9-29:72
70            android:name="com.karumi.dexter.DexterActivity"
70-->[com.karumi:dexter:6.0.2] AndroidManifest.xml:28:13-60
71            android:theme="@style/Dexter.Internal.Theme.Transparent" /> <!-- Needs to be explicitly declared on P+ -->
71-->[com.karumi:dexter:6.0.2] AndroidManifest.xml:29:13-69
72        <uses-library
72-->[com.google.android.gms:play-services-maps:17.0.0] AndroidManifest.xml:33:9-35:40
73            android:name="org.apache.http.legacy"
73-->[com.google.android.gms:play-services-maps:17.0.0] AndroidManifest.xml:34:13-50
74            android:required="false" />
74-->[com.google.android.gms:play-services-maps:17.0.0] AndroidManifest.xml:35:13-37
75
76        <activity
76-->[com.google.firebase:firebase-auth:19.3.0] AndroidManifest.xml:24:9-31:50
77            android:name="com.google.firebase.auth.internal.FederatedSignInActivity"
77-->[com.google.firebase:firebase-auth:19.3.0] AndroidManifest.xml:25:13-85
78            android:excludeFromRecents="true"
78-->[com.google.firebase:firebase-auth:19.3.0] AndroidManifest.xml:26:13-46
79            android:exported="true"
79-->[com.google.firebase:firebase-auth:19.3.0] AndroidManifest.xml:27:13-36
80            android:launchMode="singleTask"
80-->[com.google.firebase:firebase-auth:19.3.0] AndroidManifest.xml:28:13-44
81            android:permission="com.google.firebase.auth.api.gms.permission.LAUNCH_FEDERATED_SIGN_IN"
81-->[com.google.firebase:firebase-auth:19.3.0] AndroidManifest.xml:29:13-102
82            android:theme="@android:style/Theme.Translucent.NoTitleBar" />
82-->[com.google.firebase:firebase-auth:19.3.0] AndroidManifest.xml:30:13-72
83
84        <service
84-->[com.google.firebase:firebase-auth:19.3.0] AndroidManifest.xml:33:9-39:19
85            android:name="com.google.firebase.components.ComponentDiscoveryService"
85-->[com.google.firebase:firebase-auth:19.3.0] AndroidManifest.xml:34:13-84
86            android:directBootAware="true"
86-->[com.google.firebase:firebase-common:19.3.0] AndroidManifest.xml:34:13-43
87            android:exported="false" >
87-->[com.google.firebase:firebase-auth:19.3.0] AndroidManifest.xml:35:13-37
88            <meta-data
88-->[com.google.firebase:firebase-auth:19.3.0] AndroidManifest.xml:36:13-38:85
89                android:name="com.google.firebase.components:com.google.firebase.auth.FirebaseAuthRegistrar"
89-->[com.google.firebase:firebase-auth:19.3.0] AndroidManifest.xml:37:17-109
90                android:value="com.google.firebase.components.ComponentRegistrar" />
90-->[com.google.firebase:firebase-auth:19.3.0] AndroidManifest.xml:38:17-82
91            <meta-data
91-->[com.google.firebase:firebase-messaging:20.1.5] AndroidManifest.xml:38:13-40:85
92                android:name="com.google.firebase.components:com.google.firebase.messaging.FirebaseMessagingRegistrar"
92-->[com.google.firebase:firebase-messaging:20.1.5] AndroidManifest.xml:39:17-119
93                android:value="com.google.firebase.components.ComponentRegistrar" />
93-->[com.google.firebase:firebase-messaging:20.1.5] AndroidManifest.xml:40:17-82
94            <meta-data
94-->[com.google.firebase:firebase-firestore:21.4.3] AndroidManifest.xml:20:13-22:85
95                android:name="com.google.firebase.components:com.google.firebase.firestore.FirestoreRegistrar"
95-->[com.google.firebase:firebase-firestore:21.4.3] AndroidManifest.xml:21:17-111
96                android:value="com.google.firebase.components.ComponentRegistrar" />
96-->[com.google.firebase:firebase-firestore:21.4.3] AndroidManifest.xml:22:17-82
97            <meta-data
97-->[com.google.android.gms:play-services-measurement-api:17.2.2] AndroidManifest.xml:30:13-32:85
98                android:name="com.google.firebase.components:com.google.firebase.analytics.connector.internal.AnalyticsConnectorRegistrar"
98-->[com.google.android.gms:play-services-measurement-api:17.2.2] AndroidManifest.xml:31:17-139
99                android:value="com.google.firebase.components.ComponentRegistrar" />
99-->[com.google.android.gms:play-services-measurement-api:17.2.2] AndroidManifest.xml:32:17-82
100            <meta-data
100-->[com.google.firebase:firebase-iid:20.1.5] AndroidManifest.xml:32:13-34:85
101                android:name="com.google.firebase.components:com.google.firebase.iid.Registrar"
101-->[com.google.firebase:firebase-iid:20.1.5] AndroidManifest.xml:33:17-96
102                android:value="com.google.firebase.components.ComponentRegistrar" />
102-->[com.google.firebase:firebase-iid:20.1.5] AndroidManifest.xml:34:17-82
103            <meta-data
103-->[com.google.firebase:firebase-datatransport:17.0.3] AndroidManifest.xml:28:13-30:85
104                android:name="com.google.firebase.components:com.google.firebase.datatransport.TransportRegistrar"
104-->[com.google.firebase:firebase-datatransport:17.0.3] AndroidManifest.xml:29:17-115
105                android:value="com.google.firebase.components.ComponentRegistrar" />
105-->[com.google.firebase:firebase-datatransport:17.0.3] AndroidManifest.xml:30:17-82
106            <meta-data
106-->[com.google.firebase:firebase-installations:16.2.1] AndroidManifest.xml:17:13-19:85
107                android:name="com.google.firebase.components:com.google.firebase.installations.FirebaseInstallationsRegistrar"
107-->[com.google.firebase:firebase-installations:16.2.1] AndroidManifest.xml:18:17-127
108                android:value="com.google.firebase.components.ComponentRegistrar" />
108-->[com.google.firebase:firebase-installations:16.2.1] AndroidManifest.xml:19:17-82
109        </service>
110        <!--
111             FirebaseMessagingService performs security checks at runtime,
112             but set to not exported to explicitly avoid allowing another app to call it.
113        -->
114        <service
114-->[com.google.firebase:firebase-messaging:20.1.5] AndroidManifest.xml:28:9-34:19
115            android:name="com.google.firebase.messaging.FirebaseMessagingService"
115-->[com.google.firebase:firebase-messaging:20.1.5] AndroidManifest.xml:29:13-82
116            android:exported="false" >
116-->[com.google.firebase:firebase-messaging:20.1.5] AndroidManifest.xml:30:13-37
117            <intent-filter android:priority="-500" >
117-->[com.google.firebase:firebase-messaging:20.1.5] AndroidManifest.xml:31:13-33:29
117-->[com.google.firebase:firebase-messaging:20.1.5] AndroidManifest.xml:31:28-51
118                <action android:name="com.google.firebase.MESSAGING_EVENT" />
118-->[com.google.firebase:firebase-messaging:20.1.5] AndroidManifest.xml:32:17-78
118-->[com.google.firebase:firebase-messaging:20.1.5] AndroidManifest.xml:32:25-75
119            </intent-filter>
120        </service>
121
122        <receiver
122-->[com.google.firebase:firebase-iid:20.1.5] AndroidManifest.xml:37:9-44:20
123            android:name="com.google.firebase.iid.FirebaseInstanceIdReceiver"
123-->[com.google.firebase:firebase-iid:20.1.5] AndroidManifest.xml:38:13-78
124            android:exported="true"
124-->[com.google.firebase:firebase-iid:20.1.5] AndroidManifest.xml:39:13-36
125            android:permission="com.google.android.c2dm.permission.SEND" >
125-->[com.google.firebase:firebase-iid:20.1.5] AndroidManifest.xml:40:13-73
126            <intent-filter>
126-->[com.google.firebase:firebase-iid:20.1.5] AndroidManifest.xml:41:13-43:29
127                <action android:name="com.google.android.c2dm.intent.RECEIVE" />
127-->[com.google.firebase:firebase-iid:20.1.5] AndroidManifest.xml:42:17-81
127-->[com.google.firebase:firebase-iid:20.1.5] AndroidManifest.xml:42:25-78
128            </intent-filter>
129        </receiver>
130
131        <activity
131-->[com.google.android.gms:play-services-base:17.1.0] AndroidManifest.xml:23:9-26:75
132            android:name="com.google.android.gms.common.api.GoogleApiActivity"
132-->[com.google.android.gms:play-services-base:17.1.0] AndroidManifest.xml:24:13-79
133            android:exported="false"
133-->[com.google.android.gms:play-services-base:17.1.0] AndroidManifest.xml:25:13-37
134            android:theme="@android:style/Theme.Translucent.NoTitleBar" />
134-->[com.google.android.gms:play-services-base:17.1.0] AndroidManifest.xml:26:13-72
135
136        <provider
136-->[com.google.firebase:firebase-common:19.3.0] AndroidManifest.xml:26:9-30:39
137            android:name="com.google.firebase.provider.FirebaseInitProvider"
137-->[com.google.firebase:firebase-common:19.3.0] AndroidManifest.xml:27:13-77
138            android:authorities="com.example.owner.firebaseinitprovider"
138-->[com.google.firebase:firebase-common:19.3.0] AndroidManifest.xml:28:13-72
139            android:exported="false"
139-->[com.google.firebase:firebase-common:19.3.0] AndroidManifest.xml:29:13-37
140            android:initOrder="100" />
140-->[com.google.firebase:firebase-common:19.3.0] AndroidManifest.xml:30:13-36
141
142        <receiver
142-->[com.google.android.gms:play-services-measurement:17.2.2] AndroidManifest.xml:29:9-33:20
143            android:name="com.google.android.gms.measurement.AppMeasurementReceiver"
143-->[com.google.android.gms:play-services-measurement:17.2.2] AndroidManifest.xml:30:13-85
144            android:enabled="true"
144-->[com.google.android.gms:play-services-measurement:17.2.2] AndroidManifest.xml:31:13-35
145            android:exported="false" >
145-->[com.google.android.gms:play-services-measurement:17.2.2] AndroidManifest.xml:32:13-37
146        </receiver>
147        <receiver
147-->[com.google.android.gms:play-services-measurement:17.2.2] AndroidManifest.xml:34:9-42:20
148            android:name="com.google.android.gms.measurement.AppMeasurementInstallReferrerReceiver"
148-->[com.google.android.gms:play-services-measurement:17.2.2] AndroidManifest.xml:35:13-100
149            android:enabled="true"
149-->[com.google.android.gms:play-services-measurement:17.2.2] AndroidManifest.xml:36:13-35
150            android:exported="true"
150-->[com.google.android.gms:play-services-measurement:17.2.2] AndroidManifest.xml:37:13-36
151            android:permission="android.permission.INSTALL_PACKAGES" >
151-->[com.google.android.gms:play-services-measurement:17.2.2] AndroidManifest.xml:38:13-69
152            <intent-filter>
152-->[com.google.android.gms:play-services-measurement:17.2.2] AndroidManifest.xml:39:13-41:29
153                <action android:name="com.android.vending.INSTALL_REFERRER" />
153-->[com.google.android.gms:play-services-measurement:17.2.2] AndroidManifest.xml:40:17-79
153-->[com.google.android.gms:play-services-measurement:17.2.2] AndroidManifest.xml:40:25-76
154            </intent-filter>
155        </receiver>
156
157        <service
157-->[com.google.android.gms:play-services-measurement:17.2.2] AndroidManifest.xml:44:9-47:40
158            android:name="com.google.android.gms.measurement.AppMeasurementService"
158-->[com.google.android.gms:play-services-measurement:17.2.2] AndroidManifest.xml:45:13-84
159            android:enabled="true"
159-->[com.google.android.gms:play-services-measurement:17.2.2] AndroidManifest.xml:46:13-35
160            android:exported="false" />
160-->[com.google.android.gms:play-services-measurement:17.2.2] AndroidManifest.xml:47:13-37
161        <service
161-->[com.google.android.gms:play-services-measurement:17.2.2] AndroidManifest.xml:48:9-52:72
162            android:name="com.google.android.gms.measurement.AppMeasurementJobService"
162-->[com.google.android.gms:play-services-measurement:17.2.2] AndroidManifest.xml:49:13-87
163            android:enabled="true"
163-->[com.google.android.gms:play-services-measurement:17.2.2] AndroidManifest.xml:50:13-35
164            android:exported="false"
164-->[com.google.android.gms:play-services-measurement:17.2.2] AndroidManifest.xml:51:13-37
165            android:permission="android.permission.BIND_JOB_SERVICE" />
165-->[com.google.android.gms:play-services-measurement:17.2.2] AndroidManifest.xml:52:13-69
166
167        <meta-data
167-->[com.google.android.gms:play-services-basement:17.0.0] AndroidManifest.xml:23:9-25:69
168            android:name="com.google.android.gms.version"
168-->[com.google.android.gms:play-services-basement:17.0.0] AndroidManifest.xml:24:13-58
169            android:value="@integer/google_play_services_version" />
169-->[com.google.android.gms:play-services-basement:17.0.0] AndroidManifest.xml:25:13-66
170
171        <provider
171-->[androidx.lifecycle:lifecycle-process:2.2.0] AndroidManifest.xml:25:9-29:43
172            android:name="androidx.lifecycle.ProcessLifecycleOwnerInitializer"
172-->[androidx.lifecycle:lifecycle-process:2.2.0] AndroidManifest.xml:26:13-79
173            android:authorities="com.example.owner.lifecycle-process"
173-->[androidx.lifecycle:lifecycle-process:2.2.0] AndroidManifest.xml:27:13-69
174            android:exported="false"
174-->[androidx.lifecycle:lifecycle-process:2.2.0] AndroidManifest.xml:28:13-37
175            android:multiprocess="true" />
175-->[androidx.lifecycle:lifecycle-process:2.2.0] AndroidManifest.xml:29:13-40
176
177        <service
177-->[com.google.android.datatransport:transport-backend-cct:2.2.0] AndroidManifest.xml:29:9-35:19
178            android:name="com.google.android.datatransport.runtime.backends.TransportBackendDiscovery"
178-->[com.google.android.datatransport:transport-backend-cct:2.2.0] AndroidManifest.xml:30:13-103
179            android:exported="false" >
179-->[com.google.android.datatransport:transport-backend-cct:2.2.0] AndroidManifest.xml:31:13-37
180            <meta-data
180-->[com.google.android.datatransport:transport-backend-cct:2.2.0] AndroidManifest.xml:32:13-34:39
181                android:name="backend:com.google.android.datatransport.cct.CctBackendFactory"
181-->[com.google.android.datatransport:transport-backend-cct:2.2.0] AndroidManifest.xml:33:17-94
182                android:value="cct" />
182-->[com.google.android.datatransport:transport-backend-cct:2.2.0] AndroidManifest.xml:34:17-36
183        </service>
184        <service
184-->[com.google.android.datatransport:transport-runtime:2.2.0] AndroidManifest.xml:26:9-30:19
185            android:name="com.google.android.datatransport.runtime.scheduling.jobscheduling.JobInfoSchedulerService"
185-->[com.google.android.datatransport:transport-runtime:2.2.0] AndroidManifest.xml:27:13-117
186            android:exported="false"
186-->[com.google.android.datatransport:transport-runtime:2.2.0] AndroidManifest.xml:28:13-37
187            android:permission="android.permission.BIND_JOB_SERVICE" >
187-->[com.google.android.datatransport:transport-runtime:2.2.0] AndroidManifest.xml:29:13-69
188        </service>
189
190        <receiver
190-->[com.google.android.datatransport:transport-runtime:2.2.0] AndroidManifest.xml:32:9-34:40
191            android:name="com.google.android.datatransport.runtime.scheduling.jobscheduling.AlarmManagerSchedulerBroadcastReceiver"
191-->[com.google.android.datatransport:transport-runtime:2.2.0] AndroidManifest.xml:33:13-132
192            android:exported="false" />
192-->[com.google.android.datatransport:transport-runtime:2.2.0] AndroidManifest.xml:34:13-37
193    </application>
194
195</manifest>